c:\users\dell\documents\progra-2\tercer examen\patron bridge 2\x64\debug\vc143.pdb
c:\users\dell\documents\progra-2\tercer examen\patron bridge 2\x64\debug\vc143.idb
c:\users\dell\documents\progra-2\tercer examen\patron bridge 2\x64\debug\producto.obj
c:\users\dell\documents\progra-2\tercer examen\patron bridge 2\x64\debug\manejador.obj
c:\users\dell\documents\progra-2\tercer examen\patron bridge 2\x64\debug\main.obj
c:\users\dell\documents\progra-2\tercer examen\patron bridge 2\x64\debug\implementacion3.obj
c:\users\dell\documents\progra-2\tercer examen\patron bridge 2\x64\debug\implementacion2.obj
c:\users\dell\documents\progra-2\tercer examen\patron bridge 2\x64\debug\implementacion1.obj
c:\users\dell\documents\progra-2\tercer examen\patron bridge 2\x64\debug\contenedorproductos.obj
c:\users\dell\documents\progra-2\tercer examen\patron bridge 2\x64\debug\patron bridge 2.pdb
c:\users\dell\documents\progra-2\tercer examen\patron bridge 2\x64\debug\patron bridge 2.tlog\cl.command.1.tlog
c:\users\dell\documents\progra-2\tercer examen\patron bridge 2\x64\debug\patron bridge 2.tlog\cl.read.1.tlog
c:\users\dell\documents\progra-2\tercer examen\patron bridge 2\x64\debug\patron bridge 2.tlog\cl.write.1.tlog
c:\users\dell\documents\progra-2\tercer examen\patron bridge 2\x64\debug\patron bridge 2.tlog\link-cvtres.read.1.tlog
c:\users\dell\documents\progra-2\tercer examen\patron bridge 2\x64\debug\patron bridge 2.tlog\link-cvtres.write.1.tlog
c:\users\dell\documents\progra-2\tercer examen\patron bridge 2\x64\debug\patron bridge 2.tlog\link-rc.read.1.tlog
c:\users\dell\documents\progra-2\tercer examen\patron bridge 2\x64\debug\patron bridge 2.tlog\link-rc.write.1.tlog
c:\users\dell\documents\progra-2\tercer examen\patron bridge 2\x64\debug\patron bridge 2.tlog\link.command.1.tlog
c:\users\dell\documents\progra-2\tercer examen\patron bridge 2\x64\debug\patron bridge 2.tlog\link.read.1.tlog
c:\users\dell\documents\progra-2\tercer examen\patron bridge 2\x64\debug\patron bridge 2.tlog\link.read.2.tlog
c:\users\dell\documents\progra-2\tercer examen\patron bridge 2\x64\debug\patron bridge 2.tlog\link.write.1.tlog
